# JRE version: OpenJDK Runtime Environment (8.0_222-b10) (build 1.8.0_222-8u222-b10-1ubuntu1~16.04.1-b10)
# Java VM: OpenJDK 64-Bit Server VM (25.222-b10 mixed mode linux-amd64 compressed oops)
Heap:
 PSYoungGen      total 241152K, used 224256K [0x00000000d6700000, 0x00000000e9800000, 0x0000000100000000)
  eden space 224256K, 100% used [0x00000000d6700000,0x00000000e4200000,0x00000000e4200000)
  from space 16896K, 0% used [0x00000000e4200000,0x00000000e4200000,0x00000000e5280000)
  to   space 16384K, 44% used [0x00000000e8800000,0x00000000e8f17a60,0x00000000e9800000)
 ParOldGen       total 119808K, used 27129K [0x0000000083400000, 0x000000008a900000, 0x00000000d6700000)
  object space 119808K, 22% used [0x0000000083400000,0x0000000084e7e488,0x000000008a900000)
 Metaspace       used 66241K, capacity 69474K, committed 69632K, reserved 1110016K
  class space    used 8763K, capacity 9349K, committed 9472K, reserved 1048576K
GC Heap History (10 events):
Event: 6,079 GC heap after
Heap after GC invocations=10 (full 1):
 PSYoungGen      total 177152K, used 8192K [0x00000000d6700000, 0x00000000e6300000, 0x0000000100000000)
  eden space 163840K, 0% used [0x00000000d6700000,0x00000000d6700000,0x00000000e0700000)
  from space 13312K, 61% used [0x00000000e0700000,0x00000000e0f00380,0x00000000e1400000)
  to   space 13312K, 0% used [0x00000000e5600000,0x00000000e5600000,0x00000000e6300000)
 ParOldGen       total 56832K, used 13582K [0x0000000083400000, 0x0000000086b80000, 0x00000000d6700000)
  object space 56832K, 23% used [0x0000000083400000,0x0000000084143b50,0x0000000086b80000)
 Metaspace       used 33692K, capacity 35386K, committed 35416K, reserved 1081344K
  class space    used 4260K, capacity 4597K, committed 4608K, reserved 1048576K
}
Event: 6,079 GC heap before
{Heap before GC invocations=11 (full 2):
 PSYoungGen      total 177152K, used 8192K [0x00000000d6700000, 0x00000000e6300000, 0x0000000100000000)
  eden space 163840K, 0% used [0x00000000d6700000,0x00000000d6700000,0x00000000e0700000)
  from space 13312K, 61% used [0x00000000e0700000,0x00000000e0f00380,0x00000000e1400000)
  to   space 13312K, 0% used [0x00000000e5600000,0x00000000e5600000,0x00000000e6300000)
 ParOldGen       total 56832K, used 13582K [0x0000000083400000, 0x0000000086b80000, 0x00000000d6700000)
  object space 56832K, 23% used [0x0000000083400000,0x0000000084143b50,0x0000000086b80000)
 Metaspace       used 33692K, capacity 35386K, committed 35416K, reserved 1081344K
  class space    used 4260K, capacity 4597K, committed 4608K, reserved 1048576K
Event: 6,159 GC heap after
Heap after GC invocations=11 (full 2):
 PSYoungGen      total 177152K, used 0K [0x00000000d6700000, 0x00000000e6300000, 0x0000000100000000)
  eden space 163840K, 0% used [0x00000000d6700000,0x00000000d6700000,0x00000000e0700000)
  from space 13312K, 0% used [0x00000000e0700000,0x00000000e0700000,0x00000000e1400000)
  to   space 13312K, 0% used [0x00000000e5600000,0x00000000e5600000,0x00000000e6300000)
 ParOldGen       total 80896K, used 14535K [0x0000000083400000, 0x0000000088300000, 0x00000000d6700000)
  object space 80896K, 17% used [0x0000000083400000,0x0000000084231e00,0x0000000088300000)
 Metaspace       used 33692K, capacity 35386K, committed 35416K, reserved 1081344K
  class space    used 4260K, capacity 4597K, committed 4608K, reserved 1048576K
}
Event: 9,221 GC heap before
{Heap before GC invocations=12 (full 2):
 PSYoungGen      total 177152K, used 163840K [0x00000000d6700000, 0x00000000e6300000, 0x0000000100000000)
  eden space 163840K, 100% used [0x00000000d6700000,0x00000000e0700000,0x00000000e0700000)
  from space 13312K, 0% used [0x00000000e0700000,0x00000000e0700000,0x00000000e1400000)
  to   space 13312K, 0% used [0x00000000e5600000,0x00000000e5600000,0x00000000e6300000)
 ParOldGen       total 80896K, used 14535K [0x0000000083400000, 0x0000000088300000, 0x00000000d6700000)
  object space 80896K, 17% used [0x0000000083400000,0x0000000084231e00,0x0000000088300000)
 Metaspace       used 50284K, capacity 52284K, committed 52608K, reserved 1095680K
  class space    used 6667K, capacity 7020K, committed 7040K, reserved 1048576K
Event: 9,238 GC heap after
Heap after GC invocations=12 (full 2):
 PSYoungGen      total 228864K, used 13305K [0x00000000d6700000, 0x00000000e6300000, 0x0000000100000000)
  eden space 215552K, 0% used [0x00000000d6700000,0x00000000d6700000,0x00000000e3980000)
  from space 13312K, 99% used [0x00000000e5600000,0x00000000e62fe4e0,0x00000000e6300000)
  to   space 16896K, 0% used [0x00000000e4200000,0x00000000e4200000,0x00000000e5280000)
 ParOldGen       total 80896K, used 20123K [0x0000000083400000, 0x0000000088300000, 0x00000000d6700000)
  object space 80896K, 24% used [0x0000000083400000,0x00000000847a6f50,0x0000000088300000)
 Metaspace       used 50284K, capacity 52284K, committed 52608K, reserved 1095680K
  class space    used 6667K, capacity 7020K, committed 7040K, reserved 1048576K
}
Event: 10,728 GC heap before
{Heap before GC invocations=13 (full 2):
 PSYoungGen      total 228864K, used 85226K [0x00000000d6700000, 0x00000000e6300000, 0x0000000100000000)
  eden space 215552K, 33% used [0x00000000d6700000,0x00000000dad3c630,0x00000000e3980000)
  from space 13312K, 99% used [0x00000000e5600000,0x00000000e62fe4e0,0x00000000e6300000)
  to   space 16896K, 0% used [0x00000000e4200000,0x00000000e4200000,0x00000000e5280000)
 ParOldGen       total 80896K, used 20123K [0x0000000083400000, 0x0000000088300000, 0x00000000d6700000)
  object space 80896K, 24% used [0x0000000083400000,0x00000000847a6f50,0x0000000088300000)
 Metaspace       used 56446K, capacity 58962K, committed 59028K, reserved 1099776K
  class space    used 7466K, capacity 7929K, committed 7936K, reserved 1048576K
Event: 10,742 GC heap after
Heap after GC invocations=13 (full 2):
 PSYoungGen      total 241152K, used 7609K [0x00000000d6700000, 0x00000000e9800000, 0x0000000100000000)
  eden space 224256K, 0% used [0x00000000d6700000,0x00000000d6700000,0x00000000e4200000)
  from space 16896K, 45% used [0x00000000e4200000,0x00000000e496e6f8,0x00000000e5280000)
  to   space 16384K, 0% used [0x00000000e8800000,0x00000000e8800000,0x00000000e9800000)
 ParOldGen       total 80896K, used 26178K [0x0000000083400000, 0x0000000088300000, 0x00000000d6700000)
  object space 80896K, 32% used [0x0000000083400000,0x0000000084d90868,0x0000000088300000)
 Metaspace       used 56446K, capacity 58962K, committed 59028K, reserved 1099776K
  class space    used 7466K, capacity 7929K, committed 7936K, reserved 1048576K
}
Event: 10,742 GC heap before
{Heap before GC invocations=14 (full 3):
 PSYoungGen      total 241152K, used 7609K [0x00000000d6700000, 0x00000000e9800000, 0x0000000100000000)
  eden space 224256K, 0% used [0x00000000d6700000,0x00000000d6700000,0x00000000e4200000)
  from space 16896K, 45% used [0x00000000e4200000,0x00000000e496e6f8,0x00000000e5280000)
  to   space 16384K, 0% used [0x00000000e8800000,0x00000000e8800000,0x00000000e9800000)
 ParOldGen       total 80896K, used 26178K [0x0000000083400000, 0x0000000088300000, 0x00000000d6700000)
  object space 80896K, 32% used [0x0000000083400000,0x0000000084d90868,0x0000000088300000)
 Metaspace       used 56446K, capacity 58962K, committed 59028K, reserved 1099776K
  class space    used 7466K, capacity 7929K, committed 7936K, reserved 1048576K
Event: 10,942 GC heap after
Heap after GC invocations=14 (full 3):
 PSYoungGen      total 241152K, used 0K [0x00000000d6700000, 0x00000000e9800000, 0x0000000100000000)
  eden space 224256K, 0% used [0x00000000d6700000,0x00000000d6700000,0x00000000e4200000)
  from space 16896K, 0% used [0x00000000e4200000,0x00000000e4200000,0x00000000e5280000)
  to   space 16384K, 0% used [0x00000000e8800000,0x00000000e8800000,0x00000000e9800000)
 ParOldGen       total 119808K, used 27121K [0x0000000083400000, 0x000000008a900000, 0x00000000d6700000)
  object space 119808K, 22% used [0x0000000083400000,0x0000000084e7c488,0x000000008a900000)
 Metaspace       used 56442K, capacity 58956K, committed 59028K, reserved 1099776K
  class space    used 7465K, capacity 7928K, committed 7936K, reserved 1048576K
}
Event: 187,355 GC heap before
{Heap before GC invocations=15 (full 3):
 PSYoungGen      total 241152K, used 224256K [0x00000000d6700000, 0x00000000e9800000, 0x0000000100000000)
  eden space 224256K, 100% used [0x00000000d6700000,0x00000000e4200000,0x00000000e4200000)
  from space 16896K, 0% used [0x00000000e4200000,0x00000000e4200000,0x00000000e5280000)
  to   space 16384K, 0% used [0x00000000e8800000,0x00000000e8800000,0x00000000e9800000)
 ParOldGen       total 119808K, used 27121K [0x0000000083400000, 0x000000008a900000, 0x00000000d6700000)
  object space 119808K, 22% used [0x0000000083400000,0x0000000084e7c488,0x000000008a900000)
 Metaspace       used 66241K, capacity 69474K, committed 69632K, reserved 1110016K
  class space    used 8763K, capacity 9349K, committed 9472K, reserved 1048576K

